// 重构日志: af054217
// 重构日志: 0557f66f
// 重构日志: 9e40f77a
// 重构日志: 2e64b1c1
// 重构日志: ba8c5d37
// 重构日志: d93dbee5
// 重构日志: 60998a32
// 重构日志: 9f23705e
// 重构日志: dd8474ef
// 同步 ID: b03836d5 @ Tue Jul 14 06:52:47 UTC 2026
// 同步 ID: e09dbfc5 @ Tue Jul 14 12:41:10 UTC 2026
// 同步 ID: 337981a6 @ Tue Jul 14 17:21:01 UTC 2026
// 同步 ID: 4cbda54d @ Wed Jul 15 00:46:49 UTC 2026
// 重构日志: 4d3b6c4d
// 重构日志: 8ea2a47f
// 重构日志: be2d2363
// 重构日志: cf51de54
// 同步 ID: 3ddb7e6c @ Sun Jul 19 11:40:59 UTC 2026
// 重构日志: 032e61d0
// 同步 ID: 7884280b @ Tue Jul 21 07:34:16 UTC 2026
// 重构日志: c6e8d7bf
// 重构日志: 80d6d955
// 同步 ID: 70c63c1a @ Wed Jul 22 12:52:04 UTC 2026
// 同步 ID: d1ec032f @ Thu Jul 23 00:54:22 UTC 2026
// 重构日志: 3501732f
